<?xml version="1.0" encoding="UTF-8"?>
<!-- Generated by org.testng.reporters.JUnitReportReporter -->
<testsuite hostname="DESKTOP-DBSF5KC" failures="0" tests="1" name="com.Actitime.Generic.Baseclass" time="28.069" errors="0" timestamp="2022-11-29T16:22:38 IST" skipped="0">
  <testcase classname="com.Actitime.Generic.Baseclass" name="createcustomer" time="28.069"/>
  <system-out>
    <![CDATA[customer created]]>
  </system-out>
</testsuite> <!-- com.Actitime.Generic.Baseclass -->
